Wed Mar 13 20:29:14 2024       
+---------------------------------------------------------------------------------------+
| NVIDIA-SMI 545.23.08              Driver Version: 545.23.08    CUDA Version: 12.3     |
|-----------------------------------------+----------------------+----------------------+
| GPU  Name                 Persistence-M | Bus-Id        Disp.A | Volatile Uncorr. ECC |
| Fan  Temp   Perf          Pwr:Usage/Cap |         Memory-Usage | GPU-Util  Compute M. |
|                                         |                      |               MIG M. |
|=========================================+======================+======================|
|   0  Quadro RTX 5000                On  | 00000000:3B:00.0 Off |                  Off |
| 33%   22C    P8               5W / 230W |      1MiB / 16384MiB |      0%      Default |
|                                         |                      |                  N/A |
+-----------------------------------------+----------------------+----------------------+
                                                                                         
+---------------------------------------------------------------------------------------+
| Processes:                                                                            |
|  GPU   GI   CI        PID   Type   Process name                            GPU Memory |
|        ID   ID                                                             Usage      |
|=======================================================================================|
|  No running processes found                                                           |
+---------------------------------------------------------------------------------------+
Skipping 5BK8, /gpfs/gibbs/pi/gerstein/as4272/KnotFun/dataset/human_proteins/human_protein_ph_h2_files/5BK8/5BK8_ph_vec.npy already exists
Skipping 5R85, /gpfs/gibbs/pi/gerstein/as4272/KnotFun/dataset/human_proteins/human_protein_ph_h2_files/5R85/5R85_ph_vec.npy already exists
Skipping 5R86, /gpfs/gibbs/pi/gerstein/as4272/KnotFun/dataset/human_proteins/human_protein_ph_h2_files/5R86/5R86_ph_vec.npy already exists
Skipping 5R87, /gpfs/gibbs/pi/gerstein/as4272/KnotFun/dataset/human_proteins/human_protein_ph_h2_files/5R87/5R87_ph_vec.npy already exists
Skipping 5R88, /gpfs/gibbs/pi/gerstein/as4272/KnotFun/dataset/human_proteins/human_protein_ph_h2_files/5R88/5R88_ph_vec.npy already exists
Skipping 5R89, /gpfs/gibbs/pi/gerstein/as4272/KnotFun/dataset/human_proteins/human_protein_ph_h2_files/5R89/5R89_ph_vec.npy already exists
Skipping 5R8A, /gpfs/gibbs/pi/gerstein/as4272/KnotFun/dataset/human_proteins/human_protein_ph_h2_files/5R8A/5R8A_ph_vec.npy already exists
Skipping 5R8B, /gpfs/gibbs/pi/gerstein/as4272/KnotFun/dataset/human_proteins/human_protein_ph_h2_files/5R8B/5R8B_ph_vec.npy already exists
Skipping 5R8C, /gpfs/gibbs/pi/gerstein/as4272/KnotFun/dataset/human_proteins/human_protein_ph_h2_files/5R8C/5R8C_ph_vec.npy already exists
Skipping 5R8D, /gpfs/gibbs/pi/gerstein/as4272/KnotFun/dataset/human_proteins/human_protein_ph_h2_files/5R8D/5R8D_ph_vec.npy already exists
Skipping 5R8E, /gpfs/gibbs/pi/gerstein/as4272/KnotFun/dataset/human_proteins/human_protein_ph_h2_files/5R8E/5R8E_ph_vec.npy already exists
Skipping 5R8F, /gpfs/gibbs/pi/gerstein/as4272/KnotFun/dataset/human_proteins/human_protein_ph_h2_files/5R8F/5R8F_ph_vec.npy already exists
Skipping 5R8G, /gpfs/gibbs/pi/gerstein/as4272/KnotFun/dataset/human_proteins/human_protein_ph_h2_files/5R8G/5R8G_ph_vec.npy already exists
Skipping 5R8H, /gpfs/gibbs/pi/gerstein/as4272/KnotFun/dataset/human_proteins/human_protein_ph_h2_files/5R8H/5R8H_ph_vec.npy already exists
Skipping 5R8I, /gpfs/gibbs/pi/gerstein/as4272/KnotFun/dataset/human_proteins/human_protein_ph_h2_files/5R8I/5R8I_ph_vec.npy already exists
Skipping 5R8J, /gpfs/gibbs/pi/gerstein/as4272/KnotFun/dataset/human_proteins/human_protein_ph_h2_files/5R8J/5R8J_ph_vec.npy already exists
Skipping 5R8K, /gpfs/gibbs/pi/gerstein/as4272/KnotFun/dataset/human_proteins/human_protein_ph_h2_files/5R8K/5R8K_ph_vec.npy already exists
Skipping 5R8L, /gpfs/gibbs/pi/gerstein/as4272/KnotFun/dataset/human_proteins/human_protein_ph_h2_files/5R8L/5R8L_ph_vec.npy already exists
Skipping 5R8M, /gpfs/gibbs/pi/gerstein/as4272/KnotFun/dataset/human_proteins/human_protein_ph_h2_files/5R8M/5R8M_ph_vec.npy already exists
Skipping 5R8N, /gpfs/gibbs/pi/gerstein/as4272/KnotFun/dataset/human_proteins/human_protein_ph_h2_files/5R8N/5R8N_ph_vec.npy already exists
Skipping 5R8O, /gpfs/gibbs/pi/gerstein/as4272/KnotFun/dataset/human_proteins/human_protein_ph_h2_files/5R8O/5R8O_ph_vec.npy already exists
Skipping 5R8P, /gpfs/gibbs/pi/gerstein/as4272/KnotFun/dataset/human_proteins/human_protein_ph_h2_files/5R8P/5R8P_ph_vec.npy already exists
Skipping 5R8Q, /gpfs/gibbs/pi/gerstein/as4272/KnotFun/dataset/human_proteins/human_protein_ph_h2_files/5R8Q/5R8Q_ph_vec.npy already exists
Failed: Cuda error /gpfs/gibbs/pi/gerstein/as4272/KnotFun/ripser-plusplus/./ripserplusplus/ripser++.cu:2447 'invalid device function'
6AKR ph vector generated, counter: 1
Skipping 6CDY, /gpfs/gibbs/pi/gerstein/as4272/KnotFun/dataset/human_proteins/human_protein_ph_h2_files/6CDY/6CDY_ph_vec.npy already exists
Skipping 6E7I, /gpfs/gibbs/pi/gerstein/as4272/KnotFun/dataset/human_proteins/human_protein_ph_h2_files/6E7I/6E7I_ph_vec.npy already exists
Skipping 6EOY, /gpfs/gibbs/pi/gerstein/as4272/KnotFun/dataset/human_proteins/human_protein_ph_h2_files/6EOY/6EOY_ph_vec.npy already exists
Skipping 6G0D, /gpfs/gibbs/pi/gerstein/as4272/KnotFun/dataset/human_proteins/human_protein_ph_h2_files/6G0D/6G0D_ph_vec.npy already exists
Skipping 6G0E, /gpfs/gibbs/pi/gerstein/as4272/KnotFun/dataset/human_proteins/human_protein_ph_h2_files/6G0E/6G0E_ph_vec.npy already exists
Skipping 6G0F, /gpfs/gibbs/pi/gerstein/as4272/KnotFun/dataset/human_proteins/human_protein_ph_h2_files/6G0F/6G0F_ph_vec.npy already exists
Skipping 6G0G, /gpfs/gibbs/pi/gerstein/as4272/KnotFun/dataset/human_proteins/human_protein_ph_h2_files/6G0G/6G0G_ph_vec.npy already exists
Skipping 6G0H, /gpfs/gibbs/pi/gerstein/as4272/KnotFun/dataset/human_proteins/human_protein_ph_h2_files/6G0H/6G0H_ph_vec.npy already exists
Skipping 6GWN, /gpfs/gibbs/pi/gerstein/as4272/KnotFun/dataset/human_proteins/human_protein_ph_h2_files/6GWN/6GWN_ph_vec.npy already exists
Skipping 6GWP, /gpfs/gibbs/pi/gerstein/as4272/KnotFun/dataset/human_proteins/human_protein_ph_h2_files/6GWP/6GWP_ph_vec.npy already exists
Skipping 6GWQ, /gpfs/gibbs/pi/gerstein/as4272/KnotFun/dataset/human_proteins/human_protein_ph_h2_files/6GWQ/6GWQ_ph_vec.npy already exists
Skipping 6H0W, /gpfs/gibbs/pi/gerstein/as4272/KnotFun/dataset/human_proteins/human_protein_ph_h2_files/6H0W/6H0W_ph_vec.npy already exists
Skipping 6H0X, /gpfs/gibbs/pi/gerstein/as4272/KnotFun/dataset/human_proteins/human_protein_ph_h2_files/6H0X/6H0X_ph_vec.npy already exists
Skipping 6H0Y, /gpfs/gibbs/pi/gerstein/as4272/KnotFun/dataset/human_proteins/human_protein_ph_h2_files/6H0Y/6H0Y_ph_vec.npy already exists
Skipping 6H0Z, /gpfs/gibbs/pi/gerstein/as4272/KnotFun/dataset/human_proteins/human_protein_ph_h2_files/6H0Z/6H0Z_ph_vec.npy already exists
Skipping 6H10, /gpfs/gibbs/pi/gerstein/as4272/KnotFun/dataset/human_proteins/human_protein_ph_h2_files/6H10/6H10_ph_vec.npy already exists
Skipping 6H11, /gpfs/gibbs/pi/gerstein/as4272/KnotFun/dataset/human_proteins/human_protein_ph_h2_files/6H11/6H11_ph_vec.npy already exists
Skipping 6HJ2, /gpfs/gibbs/pi/gerstein/as4272/KnotFun/dataset/human_proteins/human_protein_ph_h2_files/6HJ2/6HJ2_ph_vec.npy already exists
Skipping 6HKQ, /gpfs/gibbs/pi/gerstein/as4272/KnotFun/dataset/human_proteins/human_protein_ph_h2_files/6HKQ/6HKQ_ph_vec.npy already exists
Skipping 6HN3, /gpfs/gibbs/pi/gerstein/as4272/KnotFun/dataset/human_proteins/human_protein_ph_h2_files/6HN3/6HN3_ph_vec.npy already exists
Skipping 6HR1, /gpfs/gibbs/pi/gerstein/as4272/KnotFun/dataset/human_proteins/human_protein_ph_h2_files/6HR1/6HR1_ph_vec.npy already exists
Skipping 6HTF, /gpfs/gibbs/pi/gerstein/as4272/KnotFun/dataset/human_proteins/human_protein_ph_h2_files/6HTF/6HTF_ph_vec.npy already exists
Skipping 6HW2, /gpfs/gibbs/pi/gerstein/as4272/KnotFun/dataset/human_proteins/human_protein_ph_h2_files/6HW2/6HW2_ph_vec.npy already exists
Skipping 6I42, /gpfs/gibbs/pi/gerstein/as4272/KnotFun/dataset/human_proteins/human_protein_ph_h2_files/6I42/6I42_ph_vec.npy already exists
Skipping 6I82, /gpfs/gibbs/pi/gerstein/as4272/KnotFun/dataset/human_proteins/human_protein_ph_h2_files/6I82/6I82_ph_vec.npy already exists
Skipping 6I83, /gpfs/gibbs/pi/gerstein/as4272/KnotFun/dataset/human_proteins/human_protein_ph_h2_files/6I83/6I83_ph_vec.npy already exists
Skipping 6I99, /gpfs/gibbs/pi/gerstein/as4272/KnotFun/dataset/human_proteins/human_protein_ph_h2_files/6I99/6I99_ph_vec.npy already exists
Skipping 6IC9, /gpfs/gibbs/pi/gerstein/as4272/KnotFun/dataset/human_proteins/human_protein_ph_h2_files/6IC9/6IC9_ph_vec.npy already exists
Skipping 6ICI, /gpfs/gibbs/pi/gerstein/as4272/KnotFun/dataset/human_proteins/human_protein_ph_h2_files/6ICI/6ICI_ph_vec.npy already exists
Failed: Cuda error /gpfs/gibbs/pi/gerstein/as4272/KnotFun/ripser-plusplus/./ripserplusplus/ripser++.cu:2447 'invalid device function'
6IPU ph vector generated, counter: 2
Skipping 6JBU, /gpfs/gibbs/pi/gerstein/as4272/KnotFun/dataset/human_proteins/human_protein_ph_h2_files/6JBU/6JBU_ph_vec.npy already exists
Skipping 6JD0, /gpfs/gibbs/pi/gerstein/as4272/KnotFun/dataset/human_proteins/human_protein_ph_h2_files/6JD0/6JD0_ph_vec.npy already exists
Skipping 6JD8, /gpfs/gibbs/pi/gerstein/as4272/KnotFun/dataset/human_proteins/human_protein_ph_h2_files/6JD8/6JD8_ph_vec.npy already exists
Skipping 6JEY, /gpfs/gibbs/pi/gerstein/as4272/KnotFun/dataset/human_proteins/human_protein_ph_h2_files/6JEY/6JEY_ph_vec.npy already exists
Skipping 6JEZ, /gpfs/gibbs/pi/gerstein/as4272/KnotFun/dataset/human_proteins/human_protein_ph_h2_files/6JEZ/6JEZ_ph_vec.npy already exists
Skipping 6JGM, /gpfs/gibbs/pi/gerstein/as4272/KnotFun/dataset/human_proteins/human_protein_ph_h2_files/6JGM/6JGM_ph_vec.npy already exists
Skipping 6JI3, /gpfs/gibbs/pi/gerstein/as4272/KnotFun/dataset/human_proteins/human_protein_ph_h2_files/6JI3/6JI3_ph_vec.npy already exists
Skipping 6JI4, /gpfs/gibbs/pi/gerstein/as4272/KnotFun/dataset/human_proteins/human_protein_ph_h2_files/6JI4/6JI4_ph_vec.npy already exists
Skipping 6JI5, /gpfs/gibbs/pi/gerstein/as4272/KnotFun/dataset/human_proteins/human_protein_ph_h2_files/6JI5/6JI5_ph_vec.npy already exists
Skipping 6JJR, /gpfs/gibbs/pi/gerstein/as4272/KnotFun/dataset/human_proteins/human_protein_ph_h2_files/6JJR/6JJR_ph_vec.npy already exists
Skipping 6JK6, /gpfs/gibbs/pi/gerstein/as4272/KnotFun/dataset/human_proteins/human_protein_ph_h2_files/6JK6/6JK6_ph_vec.npy already exists
Skipping 6JKE, /gpfs/gibbs/pi/gerstein/as4272/KnotFun/dataset/human_proteins/human_protein_ph_h2_files/6JKE/6JKE_ph_vec.npy already exists
Skipping 6JNR, /gpfs/gibbs/pi/gerstein/as4272/KnotFun/dataset/human_proteins/human_protein_ph_h2_files/6JNR/6JNR_ph_vec.npy already exists
Skipping 6JOL, /gpfs/gibbs/pi/gerstein/as4272/KnotFun/dataset/human_proteins/human_protein_ph_h2_files/6JOL/6JOL_ph_vec.npy already exists
Failed: Cuda error /gpfs/gibbs/pi/gerstein/as4272/KnotFun/ripser-plusplus/./ripserplusplus/ripser++.cu:2447 'invalid device function'
6JOU ph vector generated, counter: 3
Skipping 6JPE, /gpfs/gibbs/pi/gerstein/as4272/KnotFun/dataset/human_proteins/human_protein_ph_h2_files/6JPE/6JPE_ph_vec.npy already exists
Skipping 6JT4, /gpfs/gibbs/pi/gerstein/as4272/KnotFun/dataset/human_proteins/human_protein_ph_h2_files/6JT4/6JT4_ph_vec.npy already exists
Skipping 6JUU, /gpfs/gibbs/pi/gerstein/as4272/KnotFun/dataset/human_proteins/human_protein_ph_h2_files/6JUU/6JUU_ph_vec.npy already exists
Skipping 6JUX, /gpfs/gibbs/pi/gerstein/as4272/KnotFun/dataset/human_proteins/human_protein_ph_h2_files/6JUX/6JUX_ph_vec.npy already exists
Skipping 6JVO, /gpfs/gibbs/pi/gerstein/as4272/KnotFun/dataset/human_proteins/human_protein_ph_h2_files/6JVO/6JVO_ph_vec.npy already exists
Skipping 6JVX, /gpfs/gibbs/pi/gerstein/as4272/KnotFun/dataset/human_proteins/human_protein_ph_h2_files/6JVX/6JVX_ph_vec.npy already exists
Skipping 6JVY, /gpfs/gibbs/pi/gerstein/as4272/KnotFun/dataset/human_proteins/human_protein_ph_h2_files/6JVY/6JVY_ph_vec.npy already exists
Skipping 6JWM, /gpfs/gibbs/pi/gerstein/as4272/KnotFun/dataset/human_proteins/human_protein_ph_h2_files/6JWM/6JWM_ph_vec.npy already exists
Skipping 6JWN, /gpfs/gibbs/pi/gerstein/as4272/KnotFun/dataset/human_proteins/human_protein_ph_h2_files/6JWN/6JWN_ph_vec.npy already exists
Failed: Cuda error /gpfs/gibbs/pi/gerstein/as4272/KnotFun/ripser-plusplus/./ripserplusplus/ripser++.cu:2447 'invalid device function'
6JXD ph vector generated, counter: 4
Skipping 6JXT, /gpfs/gibbs/pi/gerstein/as4272/KnotFun/dataset/human_proteins/human_protein_ph_h2_files/6JXT/6JXT_ph_vec.npy already exists
Skipping 6JYP, /gpfs/gibbs/pi/gerstein/as4272/KnotFun/dataset/human_proteins/human_protein_ph_h2_files/6JYP/6JYP_ph_vec.npy already exists
Skipping 6JYQ, /gpfs/gibbs/pi/gerstein/as4272/KnotFun/dataset/human_proteins/human_protein_ph_h2_files/6JYQ/6JYQ_ph_vec.npy already exists
Failed: Cuda error /gpfs/gibbs/pi/gerstein/as4272/KnotFun/ripser-plusplus/./ripserplusplus/ripser++.cu:2447 'invalid device function'
6K1K ph vector generated, counter: 5
Failed: Cuda error /gpfs/gibbs/pi/gerstein/as4272/KnotFun/ripser-plusplus/./ripserplusplus/ripser++.cu:2447 'invalid device function'
6K3F ph vector generated, counter: 6
Skipping 6K9P, /gpfs/gibbs/pi/gerstein/as4272/KnotFun/dataset/human_proteins/human_protein_ph_h2_files/6K9P/6K9P_ph_vec.npy already exists
Failed: Cuda error /gpfs/gibbs/pi/gerstein/as4272/KnotFun/ripser-plusplus/./ripserplusplus/ripser++.cu:2447 'invalid device function'
6K9Y ph vector generated, counter: 7
Failed: Cuda error /gpfs/gibbs/pi/gerstein/as4272/KnotFun/ripser-plusplus/./ripserplusplus/ripser++.cu:2447 'invalid device function'
6KA9 ph vector generated, counter: 8
Failed: Cuda error /gpfs/gibbs/pi/gerstein/as4272/KnotFun/ripser-plusplus/./ripserplusplus/ripser++.cu:2447 'invalid device function'
6KAE ph vector generated, counter: 9
Failed: Cuda error /gpfs/gibbs/pi/gerstein/as4272/KnotFun/ripser-plusplus/./ripserplusplus/ripser++.cu:2447 'invalid device function'
6KAH ph vector generated, counter: 10
Failed: Cuda error /gpfs/gibbs/pi/gerstein/as4272/KnotFun/ripser-plusplus/./ripserplusplus/ripser++.cu:2447 'invalid device function'
6KAI ph vector generated, counter: 11
Skipping 6KAO, /gpfs/gibbs/pi/gerstein/as4272/KnotFun/dataset/human_proteins/human_protein_ph_h2_files/6KAO/6KAO_ph_vec.npy already exists
Skipping 6KAP, /gpfs/gibbs/pi/gerstein/as4272/KnotFun/dataset/human_proteins/human_protein_ph_h2_files/6KAP/6KAP_ph_vec.npy already exists
Skipping 6KAQ, /gpfs/gibbs/pi/gerstein/as4272/KnotFun/dataset/human_proteins/human_protein_ph_h2_files/6KAQ/6KAQ_ph_vec.npy already exists
Skipping 6KAR, /gpfs/gibbs/pi/gerstein/as4272/KnotFun/dataset/human_proteins/human_protein_ph_h2_files/6KAR/6KAR_ph_vec.npy already exists
Failed: Cuda error /gpfs/gibbs/pi/gerstein/as4272/KnotFun/ripser-plusplus/./ripserplusplus/ripser++.cu:2447 'invalid device function'
6KAS ph vector generated, counter: 12
Failed: Cuda error /gpfs/gibbs/pi/gerstein/as4272/KnotFun/ripser-plusplus/./ripserplusplus/ripser++.cu:2447 'invalid device function'
6KAT ph vector generated, counter: 13
Failed: Cuda error /gpfs/gibbs/pi/gerstein/as4272/KnotFun/ripser-plusplus/./ripserplusplus/ripser++.cu:2447 'invalid device function'
6KAU ph vector generated, counter: 14
Skipping 6KAV, /gpfs/gibbs/pi/gerstein/as4272/KnotFun/dataset/human_proteins/human_protein_ph_h2_files/6KAV/6KAV_ph_vec.npy already exists
Skipping 6KAX, /gpfs/gibbs/pi/gerstein/as4272/KnotFun/dataset/human_proteins/human_protein_ph_h2_files/6KAX/6KAX_ph_vec.npy already exists
Skipping 6KAY, /gpfs/gibbs/pi/gerstein/as4272/KnotFun/dataset/human_proteins/human_protein_ph_h2_files/6KAY/6KAY_ph_vec.npy already exists
Skipping 6KAZ, /gpfs/gibbs/pi/gerstein/as4272/KnotFun/dataset/human_proteins/human_protein_ph_h2_files/6KAZ/6KAZ_ph_vec.npy already exists
Skipping 6KB0, /gpfs/gibbs/pi/gerstein/as4272/KnotFun/dataset/human_proteins/human_protein_ph_h2_files/6KB0/6KB0_ph_vec.npy already exists
Skipping 6KB1, /gpfs/gibbs/pi/gerstein/as4272/KnotFun/dataset/human_proteins/human_protein_ph_h2_files/6KB1/6KB1_ph_vec.npy already exists
Skipping 6KB2, /gpfs/gibbs/pi/gerstein/as4272/KnotFun/dataset/human_proteins/human_protein_ph_h2_files/6KB2/6KB2_ph_vec.npy already exists
Skipping 6KB3, /gpfs/gibbs/pi/gerstein/as4272/KnotFun/dataset/human_proteins/human_protein_ph_h2_files/6KB3/6KB3_ph_vec.npy already exists
Skipping 6KB4, /gpfs/gibbs/pi/gerstein/as4272/KnotFun/dataset/human_proteins/human_protein_ph_h2_files/6KB4/6KB4_ph_vec.npy already exists
Skipping 6KB5, /gpfs/gibbs/pi/gerstein/as4272/KnotFun/dataset/human_proteins/human_protein_ph_h2_files/6KB5/6KB5_ph_vec.npy already exists
Skipping 6KB6, /gpfs/gibbs/pi/gerstein/as4272/KnotFun/dataset/human_proteins/human_protein_ph_h2_files/6KB6/6KB6_ph_vec.npy already exists
Skipping 6KB7, /gpfs/gibbs/pi/gerstein/as4272/KnotFun/dataset/human_proteins/human_protein_ph_h2_files/6KB7/6KB7_ph_vec.npy already exists
Skipping 6KB8, /gpfs/gibbs/pi/gerstein/as4272/KnotFun/dataset/human_proteins/human_protein_ph_h2_files/6KB8/6KB8_ph_vec.npy already exists
Skipping 6KB9, /gpfs/gibbs/pi/gerstein/as4272/KnotFun/dataset/human_proteins/human_protein_ph_h2_files/6KB9/6KB9_ph_vec.npy already exists
Skipping 6KBA, /gpfs/gibbs/pi/gerstein/as4272/KnotFun/dataset/human_proteins/human_protein_ph_h2_files/6KBA/6KBA_ph_vec.npy already exists
Skipping 6KBB, /gpfs/gibbs/pi/gerstein/as4272/KnotFun/dataset/human_proteins/human_protein_ph_h2_files/6KBB/6KBB_ph_vec.npy already exists
Skipping 6KBE, /gpfs/gibbs/pi/gerstein/as4272/KnotFun/dataset/human_proteins/human_protein_ph_h2_files/6KBE/6KBE_ph_vec.npy already exists
Failed: Cuda error /gpfs/gibbs/pi/gerstein/as4272/KnotFun/ripser-plusplus/./ripserplusplus/ripser++.cu:2447 'invalid device function'
6KBP ph vector generated, counter: 15
Skipping 6KC5, /gpfs/gibbs/pi/gerstein/as4272/KnotFun/dataset/human_proteins/human_protein_ph_h2_files/6KC5/6KC5_ph_vec.npy already exists
Failed: Cuda error /gpfs/gibbs/pi/gerstein/as4272/KnotFun/ripser-plusplus/./ripserplusplus/ripser++.cu:2447 'invalid device function'
6KC6 ph vector generated, counter: 16
Skipping 6KCS, /gpfs/gibbs/pi/gerstein/as4272/KnotFun/dataset/human_proteins/human_protein_ph_h2_files/6KCS/6KCS_ph_vec.npy already exists
Skipping 6KDQ, /gpfs/gibbs/pi/gerstein/as4272/KnotFun/dataset/human_proteins/human_protein_ph_h2_files/6KDQ/6KDQ_ph_vec.npy already exists
Skipping 6KDR, /gpfs/gibbs/pi/gerstein/as4272/KnotFun/dataset/human_proteins/human_protein_ph_h2_files/6KDR/6KDR_ph_vec.npy already exists
Skipping 6KDS, /gpfs/gibbs/pi/gerstein/as4272/KnotFun/dataset/human_proteins/human_protein_ph_h2_files/6KDS/6KDS_ph_vec.npy already exists
Failed: Cuda error /gpfs/gibbs/pi/gerstein/as4272/KnotFun/ripser-plusplus/./ripserplusplus/ripser++.cu:2447 'invalid device function'
6KE9 ph vector generated, counter: 17
Skipping 6KEC, /gpfs/gibbs/pi/gerstein/as4272/KnotFun/dataset/human_proteins/human_protein_ph_h2_files/6KEC/6KEC_ph_vec.npy already exists
Skipping 6KEE, /gpfs/gibbs/pi/gerstein/as4272/KnotFun/dataset/human_proteins/human_protein_ph_h2_files/6KEE/6KEE_ph_vec.npy already exists
Skipping 6KEH, /gpfs/gibbs/pi/gerstein/as4272/KnotFun/dataset/human_proteins/human_protein_ph_h2_files/6KEH/6KEH_ph_vec.npy already exists
Skipping 6KEI, /gpfs/gibbs/pi/gerstein/as4272/KnotFun/dataset/human_proteins/human_protein_ph_h2_files/6KEI/6KEI_ph_vec.npy already exists
Skipping 6KEJ, /gpfs/gibbs/pi/gerstein/as4272/KnotFun/dataset/human_proteins/human_protein_ph_h2_files/6KEJ/6KEJ_ph_vec.npy already exists
Skipping 6KEK, /gpfs/gibbs/pi/gerstein/as4272/KnotFun/dataset/human_proteins/human_protein_ph_h2_files/6KEK/6KEK_ph_vec.npy already exists
Skipping 6KG6, /gpfs/gibbs/pi/gerstein/as4272/KnotFun/dataset/human_proteins/human_protein_ph_h2_files/6KG6/6KG6_ph_vec.npy already exists
Skipping 6KGB, /gpfs/gibbs/pi/gerstein/as4272/KnotFun/dataset/human_proteins/human_protein_ph_h2_files/6KGB/6KGB_ph_vec.npy already exists
Skipping 6KGJ, /gpfs/gibbs/pi/gerstein/as4272/KnotFun/dataset/human_proteins/human_protein_ph_h2_files/6KGJ/6KGJ_ph_vec.npy already exists
Skipping 6KHS, /gpfs/gibbs/pi/gerstein/as4272/KnotFun/dataset/human_proteins/human_protein_ph_h2_files/6KHS/6KHS_ph_vec.npy already exists
Skipping 6KJZ, /gpfs/gibbs/pi/gerstein/as4272/KnotFun/dataset/human_proteins/human_protein_ph_h2_files/6KJZ/6KJZ_ph_vec.npy already exists
Skipping 6KK0, /gpfs/gibbs/pi/gerstein/as4272/KnotFun/dataset/human_proteins/human_protein_ph_h2_files/6KK0/6KK0_ph_vec.npy already exists
Skipping 6KLZ, /gpfs/gibbs/pi/gerstein/as4272/KnotFun/dataset/human_proteins/human_protein_ph_h2_files/6KLZ/6KLZ_ph_vec.npy already exists
Skipping 6KM0, /gpfs/gibbs/pi/gerstein/as4272/KnotFun/dataset/human_proteins/human_protein_ph_h2_files/6KM0/6KM0_ph_vec.npy already exists
Skipping 6KM1, /gpfs/gibbs/pi/gerstein/as4272/KnotFun/dataset/human_proteins/human_protein_ph_h2_files/6KM1/6KM1_ph_vec.npy already exists
Skipping 6KM2, /gpfs/gibbs/pi/gerstein/as4272/KnotFun/dataset/human_proteins/human_protein_ph_h2_files/6KM2/6KM2_ph_vec.npy already exists
Skipping 6KM3, /gpfs/gibbs/pi/gerstein/as4272/KnotFun/dataset/human_proteins/human_protein_ph_h2_files/6KM3/6KM3_ph_vec.npy already exists
Skipping 6KM4, /gpfs/gibbs/pi/gerstein/as4272/KnotFun/dataset/human_proteins/human_protein_ph_h2_files/6KM4/6KM4_ph_vec.npy already exists
Skipping 6KM5, /gpfs/gibbs/pi/gerstein/as4272/KnotFun/dataset/human_proteins/human_protein_ph_h2_files/6KM5/6KM5_ph_vec.npy already exists
Skipping 6KM6, /gpfs/gibbs/pi/gerstein/as4272/KnotFun/dataset/human_proteins/human_protein_ph_h2_files/6KM6/6KM6_ph_vec.npy already exists
Failed: Cuda error /gpfs/gibbs/pi/gerstein/as4272/KnotFun/ripser-plusplus/./ripserplusplus/ripser++.cu:2447 'invalid device function'
6KMH ph vector generated, counter: 18
Failed: Cuda error /gpfs/gibbs/pi/gerstein/as4272/KnotFun/ripser-plusplus/./ripserplusplus/ripser++.cu:2447 'invalid device function'
6KOF ph vector generated, counter: 19
Failed: Cuda error /gpfs/gibbs/pi/gerstein/as4272/KnotFun/ripser-plusplus/./ripserplusplus/ripser++.cu:2447 'invalid device function'
6KPS ph vector generated, counter: 20
Skipping 6KQP, /gpfs/gibbs/pi/gerstein/as4272/KnotFun/dataset/human_proteins/human_protein_ph_h2_files/6KQP/6KQP_ph_vec.npy already exists
Skipping 6KQU, /gpfs/gibbs/pi/gerstein/as4272/KnotFun/dataset/human_proteins/human_protein_ph_h2_files/6KQU/6KQU_ph_vec.npy already exists
Skipping 6KS1, /gpfs/gibbs/pi/gerstein/as4272/KnotFun/dataset/human_proteins/human_protein_ph_h2_files/6KS1/6KS1_ph_vec.npy already exists
Skipping 6KSF, /gpfs/gibbs/pi/gerstein/as4272/KnotFun/dataset/human_proteins/human_protein_ph_h2_files/6KSF/6KSF_ph_vec.npy already exists
Skipping 6KSQ, /gpfs/gibbs/pi/gerstein/as4272/KnotFun/dataset/human_proteins/human_protein_ph_h2_files/6KSQ/6KSQ_ph_vec.npy already exists
Skipping 6KTC, /gpfs/gibbs/pi/gerstein/as4272/KnotFun/dataset/human_proteins/human_protein_ph_h2_files/6KTC/6KTC_ph_vec.npy already exists
Skipping 6KU0, /gpfs/gibbs/pi/gerstein/as4272/KnotFun/dataset/human_proteins/human_protein_ph_h2_files/6KU0/6KU0_ph_vec.npy already exists
Failed: Cuda error /gpfs/gibbs/pi/gerstein/as4272/KnotFun/ripser-plusplus/./ripserplusplus/ripser++.cu:2447 'invalid device function'
6KVA ph vector generated, counter: 21
Skipping 6KX2, /gpfs/gibbs/pi/gerstein/as4272/KnotFun/dataset/human_proteins/human_protein_ph_h2_files/6KX2/6KX2_ph_vec.npy already exists
Skipping 6KX3, /gpfs/gibbs/pi/gerstein/as4272/KnotFun/dataset/human_proteins/human_protein_ph_h2_files/6KX3/6KX3_ph_vec.npy already exists
Skipping 6KXB, /gpfs/gibbs/pi/gerstein/as4272/KnotFun/dataset/human_proteins/human_protein_ph_h2_files/6KXB/6KXB_ph_vec.npy already exists
Skipping 6KXY, /gpfs/gibbs/pi/gerstein/as4272/KnotFun/dataset/human_proteins/human_protein_ph_h2_files/6KXY/6KXY_ph_vec.npy already exists
Skipping 6KY0, /gpfs/gibbs/pi/gerstein/as4272/KnotFun/dataset/human_proteins/human_protein_ph_h2_files/6KY0/6KY0_ph_vec.npy already exists
Skipping 6KY1, /gpfs/gibbs/pi/gerstein/as4272/KnotFun/dataset/human_proteins/human_protein_ph_h2_files/6KY1/6KY1_ph_vec.npy already exists
